example/android/app/build/intermediates/manifest_merge_blame_file/debug/manifest-merger-blame-debug-report.txt
1<?xml version="1.0" encoding="utf-8"?>
2<manifest xmlns:android="http://schemas.android.com/apk/res/android"
3    package="com.example.expoalarmmodule"
4    android:versionCode="1"
5    android:versionName="1.0" >
6
7    <uses-sdk
8        android:minSdkVersion="21"
9        android:targetSdkVersion="31" />
10
11    <uses-permission android:name="android.permission.SYSTEM_ALERT_WINDOW" />
11-->src\debug\AndroidManifest.xml:5:5-77
11-->src\debug\AndroidManifest.xml:5:22-75
12    <uses-permission android:name="android.permission.SCHEDULE_EXACT_ALARM" />
12-->src\main\AndroidManifest.xml:4:5-79
12-->src\main\AndroidManifest.xml:4:22-76
13    <uses-permission android:name="android.permission.INTERNET" />
13-->src\main\AndroidManifest.xml:5:5-67
13-->src\main\AndroidManifest.xml:5:22-64
14    <uses-permission android:name="android.permission.VIBRATE" />
14-->src\main\AndroidManifest.xml:6:5-66
14-->src\main\AndroidManifest.xml:6:22-63
15    <uses-permission android:name="android.permission.RECEIVE_BOOT_COMPLETED" />
15-->src\main\AndroidManifest.xml:7:5-81
15-->src\main\AndroidManifest.xml:7:22-78
16    <uses-permission android:name="android.permission.FOREGROUND_SERVICE" />
16-->src\main\AndroidManifest.xml:8:5-77
16-->src\main\AndroidManifest.xml:8:22-74
17    <uses-permission android:name="android.permission.WAKE_LOCK" />
17-->src\main\AndroidManifest.xml:9:5-68
17-->src\main\AndroidManifest.xml:9:22-65
18    <uses-permission android:name="android.permission.ACCESS_WIFI_STATE" />
18-->[com.facebook.flipper:flipper:0.125.0] AndroidManifest.xml:16:5-76
18-->[com.facebook.flipper:flipper:0.125.0] AndroidManifest.xml:16:22-73
19
20    <application
20-->src\main\AndroidManifest.xml:11:5-47:19
21        android:name="com.example.expoalarmmodule.MainApplication"
21-->src\main\AndroidManifest.xml:12:7-38
22        android:allowBackup="false"
22-->src\main\AndroidManifest.xml:16:7-34
23        android:appComponentFactory="androidx.core.app.CoreComponentFactory"
23-->[androidx.core:core:1.5.0] AndroidManifest.xml:24:18-86
24        android:debuggable="true"
25        android:icon="@mipmap/ic_launcher"
25-->src\main\AndroidManifest.xml:14:7-41
26        android:label="@string/app_name"
26-->src\main\AndroidManifest.xml:13:7-39
27        android:roundIcon="@mipmap/ic_launcher_round"
27-->src\main\AndroidManifest.xml:15:7-52
28        android:theme="@style/AppTheme"
28-->src\main\AndroidManifest.xml:17:7-38
29        android:usesCleartextTraffic="true" >
29-->src\debug\AndroidManifest.xml:8:9-44
30        <activity
30-->src\main\AndroidManifest.xml:44:7-84
31            android:name="com.facebook.react.devsupport.DevSettingsActivity"
31-->src\main\AndroidManifest.xml:44:17-81
32            android:exported="false" />
32-->src\debug\AndroidManifest.xml:11:84-108
33        <activity
33-->src\main\AndroidManifest.xml:18:7-29:18
34            android:name="com.example.expoalarmmodule.MainActivity"
34-->src\main\AndroidManifest.xml:19:9-37
35            android:configChanges="keyboard|keyboardHidden|orientation|screenLayout|screenSize|smallestScreenSize|uiMode"
35-->src\main\AndroidManifest.xml:21:9-118
36            android:exported="true"
36-->src\main\AndroidManifest.xml:24:9-32
37            android:label="@string/app_name"
37-->src\main\AndroidManifest.xml:20:9-41
38            android:launchMode="singleTask"
38-->src\main\AndroidManifest.xml:22:9-40
39            android:windowSoftInputMode="adjustResize" >
39-->src\main\AndroidManifest.xml:23:9-51
40            <intent-filter>
40-->src\main\AndroidManifest.xml:25:9-28:25
41                <action android:name="android.intent.action.MAIN" />
41-->src\main\AndroidManifest.xml:26:13-65
41-->src\main\AndroidManifest.xml:26:21-62
42
43                <category android:name="android.intent.category.LAUNCHER" />
43-->src\main\AndroidManifest.xml:27:13-73
43-->src\main\AndroidManifest.xml:27:23-70
44            </intent-filter>
45        </activity>
46
47        <receiver
47-->src\main\AndroidManifest.xml:31:7-35:15
48            android:name="com.expoalarmmodule.receivers.AlarmReceiver"
48-->src\main\AndroidManifest.xml:32:13-71
49            android:enabled="true"
49-->src\main\AndroidManifest.xml:33:13-35
50            android:exported="true" />
50-->src\main\AndroidManifest.xml:34:13-36
51        <receiver
51-->src\main\AndroidManifest.xml:36:9-43:20
52            android:name="com.expoalarmmodule.receivers.BootReceiver"
52-->src\main\AndroidManifest.xml:37:11-68
53            android:exported="true" >
53-->src\main\AndroidManifest.xml:38:11-34
54            <intent-filter>
54-->src\main\AndroidManifest.xml:40:11-42:27
55                <action android:name="android.intent.action.BOOT_COMPLETED" />
55-->src\main\AndroidManifest.xml:41:15-77
55-->src\main\AndroidManifest.xml:41:23-74
56            </intent-filter>
57        </receiver>
58
59        <service android:name="com.expoalarmmodule.AlarmService" />
59-->src\main\AndroidManifest.xml:46:7-66
59-->src\main\AndroidManifest.xml:46:16-63
60    </application>
61
62</manifest>